<?xml version="1.0" encoding="UTF-8"?>
<!-- Generated by org.testng.reporters.JUnitReportReporter -->
<testsuite hostname="DESKTOP-PNQLD87" failures="0" tests="1" name="com.firebase.test.Leads" time="18.393" errors="0" timestamp="2022-05-16T20:24:25 PDT" skipped="0">
  <testcase classname="com.firebase.test.Leads" name="testCase23" time="18.393"/>
  <system-out/>
</testsuite> <!-- com.firebase.test.Leads -->
