<?xml version="1.0" encoding="UTF-8"?>
<!-- Generated by org.testng.reporters.JUnitReportReporter -->
<testsuite hostname="DESKTOP-PNQLD87" failures="0" tests="1" name="com.firebase.test.CreateAccount" time="34.593" errors="0" timestamp="2022-05-18T15:46:29 PDT" skipped="0">
  <testcase classname="com.firebase.test.CreateAccount" name="testCase14" time="34.593"/>
  <system-out/>
</testsuite> <!-- com.firebase.test.CreateAccount -->
