<?xml version="1.0" encoding="UTF-8"?>
<!-- Generated by org.testng.reporters.JUnitReportReporter -->
<testsuite hostname="DESKTOP-PNQLD87" failures="0" tests="1" name="com.firebase.test.RandomScenarios" time="59.290" errors="0" timestamp="2022-05-17T14:13:10 PDT" skipped="0">
  <testcase classname="com.firebase.test.RandomScenarios" name="testCase34" time="59.290"/>
  <system-out/>
</testsuite> <!-- com.firebase.test.RandomScenarios -->
