<?xml version="1.0" encoding="UTF-8"?>
<!-- Generated by org.testng.reporters.JUnitReportReporter -->
<testsuite hostname="DESKTOP-PNQLD87" failures="0" tests="1" name="com.firebase.test.CreateOpportunitiesScript" time="17.423" errors="0" timestamp="2022-05-16T20:16:18 PDT" skipped="0">
  <testcase classname="com.firebase.test.CreateOpportunitiesScript" name="testCase17" time="17.423"/>
  <system-out/>
</testsuite> <!-- com.firebase.test.CreateOpportunitiesScript -->
