<?xml version="1.0" encoding="UTF-8"?>
<!-- Generated by org.testng.reporters.JUnitReportReporter -->
<testsuite hostname="DESKTOP-PNQLD87" failures="0" tests="8" name="com.firebase.test.UserMenuDropDownScript" time="13.678" errors="0" timestamp="2022-05-19T15:59:13 PDT" skipped="7">
  <testcase classname="com.firebase.test.UserMenuDropDownScript" name="goToUserMenu" time="13.678"/>
  <system-out/>
  <testcase classname="com.firebase.test.UserMenuDropDownScript" name="testcase7">
    <skipped/>
  </testcase> <!-- testcase7 -->
  <system-out/>
  <testcase classname="com.firebase.test.UserMenuDropDownScript" name="testCase6">
    <skipped/>
  </testcase> <!-- testCase6 -->
  <system-out/>
  <testcase classname="com.firebase.test.UserMenuDropDownScript" name="testCase8">
    <skipped/>
  </testcase> <!-- testCase8 -->
  <system-out/>
  <testcase classname="com.firebase.test.UserMenuDropDownScript" name="testCase9">
    <skipped/>
  </testcase> <!-- testCase9 -->
  <system-out/>
  <testcase classname="com.firebase.test.UserMenuDropDownScript" name="testCase6c">
    <skipped/>
  </testcase> <!-- testCase6c -->
  <system-out/>
  <testcase classname="com.firebase.test.UserMenuDropDownScript" name="testCase6a">
    <skipped/>
  </testcase> <!-- testCase6a -->
  <system-out/>
  <testcase classname="com.firebase.test.UserMenuDropDownScript" name="testCase6b">
    <skipped/>
  </testcase> <!-- testCase6b -->
  <system-out/>
</testsuite> <!-- com.firebase.test.UserMenuDropDownScript -->
